[2026-03-03T07:23:24.848Z] [INFO] [REGISTER] Registration attempt | {"email":"admin1@gmail.com","name":"admin1"}
[2026-03-03T07:23:25.029Z] [DEBUG] [REGISTER] Password hashed | {"email":"admin1@gmail.com"}
[2026-03-03T07:23:25.078Z] [INFO] [REGISTER] User created in database | {"email":"admin1@gmail.com","userId":"69a68c6db6470fc969923d9e"}
[2026-03-03T07:23:25.099Z] [DEBUG] [REGISTER] JWT token signed | {"email":"admin1@gmail.com"}
[2026-03-03T07:23:25.101Z] [INFO] [AUTH] REGISTER succeeded | {"email":"admin1@gmail.com"}
[2026-03-03T07:32:27.448Z] [INFO] [LOGIN] Login attempt | {"email":"sudhanshu1@gmail.com"}
[2026-03-03T07:32:27.451Z] [DEBUG] [LOGIN] Connected to database | {"email":"sudhanshu1@gmail.com"}
[2026-03-03T07:32:27.687Z] [DEBUG] [LOGIN] JWT token generated | {"email":"sudhanshu1@gmail.com"}
[2026-03-03T07:32:27.691Z] [INFO] [AUTH] LOGIN succeeded | {"email":"sudhanshu1@gmail.com"}
[2026-03-03T07:32:38.835Z] [INFO] [LOGIN] Login attempt | {"email":"admin1@gmail.com"}
[2026-03-03T07:32:38.838Z] [DEBUG] [LOGIN] Connected to database | {"email":"admin1@gmail.com"}
[2026-03-03T07:32:38.965Z] [DEBUG] [LOGIN] JWT token generated | {"email":"admin1@gmail.com"}
[2026-03-03T07:32:38.968Z] [INFO] [AUTH] LOGIN succeeded | {"email":"admin1@gmail.com"}
[2026-03-03T09:42:57.383Z] [INFO] [LOGOUT] Logout attempt
[2026-03-03T16:51:51.471Z] [INFO] [LOGIN] Login attempt | {"email":"admin1@gmail.com"}
[2026-03-03T16:51:51.911Z] [DEBUG] [LOGIN] Connected to database | {"email":"admin1@gmail.com"}
[2026-03-03T16:51:52.319Z] [DEBUG] [LOGIN] JWT token generated | {"email":"admin1@gmail.com"}
[2026-03-03T16:51:52.322Z] [INFO] [AUTH] LOGIN succeeded | {"email":"admin1@gmail.com"}
[2026-03-04T04:56:23.301Z] [INFO] [LOGOUT] Logout attempt
[2026-03-04T04:56:35.515Z] [INFO] [LOGIN] Login attempt | {"email":"sudhanshu1@gmail.com"}
[2026-03-04T04:56:35.887Z] [DEBUG] [LOGIN] Connected to database | {"email":"sudhanshu1@gmail.com"}
[2026-03-04T04:56:36.081Z] [DEBUG] [LOGIN] JWT token generated | {"email":"sudhanshu1@gmail.com"}
[2026-03-04T04:56:36.083Z] [INFO] [AUTH] LOGIN succeeded | {"email":"sudhanshu1@gmail.com"}
[2026-03-04T04:57:57.924Z] [INFO] [LOGIN] Login attempt | {"email":"user1@gmail.com"}
[2026-03-04T04:57:57.929Z] [DEBUG] [LOGIN] Connected to database | {"email":"user1@gmail.com"}
[2026-03-04T04:57:57.959Z] [WARN] [LOGIN] User not found | {"email":"user1@gmail.com"}
[2026-03-04T04:58:03.273Z] [INFO] [LOGIN] Login attempt | {"email":"user1@gmail.com"}
[2026-03-04T04:58:03.275Z] [DEBUG] [LOGIN] Connected to database | {"email":"user1@gmail.com"}
[2026-03-04T04:58:03.291Z] [WARN] [LOGIN] User not found | {"email":"user1@gmail.com"}
[2026-03-04T05:00:49.788Z] [INFO] [REGISTER] Registration attempt | {"email":"user1@gmail.com","name":"user1"}
[2026-03-04T05:00:50.114Z] [DEBUG] [REGISTER] Password hashed | {"email":"user1@gmail.com"}
[2026-03-04T05:00:50.317Z] [INFO] [REGISTER] User created in database | {"email":"user1@gmail.com","userId":"69a7bc823c204e4b97ba93dd"}
[2026-03-04T05:00:50.324Z] [DEBUG] [REGISTER] JWT token signed | {"email":"user1@gmail.com"}
[2026-03-04T05:00:50.330Z] [INFO] [AUTH] REGISTER succeeded | {"email":"user1@gmail.com"}
[2026-03-04T05:00:54.006Z] [INFO] [REGISTER] Registration attempt | {"email":"user1@gmail.com","name":"user1"}
[2026-03-04T05:00:54.024Z] [WARN] [REGISTER] User already exists | {"email":"user1@gmail.com"}
[2026-03-04T05:01:34.443Z] [INFO] [LOGIN] Login attempt | {"email":"user1@gmail.com"}
[2026-03-04T05:01:34.447Z] [DEBUG] [LOGIN] Connected to database | {"email":"user1@gmail.com"}
[2026-03-04T05:01:34.566Z] [DEBUG] [LOGIN] JWT token generated | {"email":"user1@gmail.com"}
[2026-03-04T05:01:34.568Z] [INFO] [AUTH] LOGIN succeeded | {"email":"user1@gmail.com"}
[2026-03-04T05:34:42.234Z] [INFO] [LOGIN] Login attempt | {"email":"user1@gmail.com"}
[2026-03-04T05:34:42.236Z] [DEBUG] [LOGIN] Connected to database | {"email":"user1@gmail.com"}
[2026-03-04T05:34:42.401Z] [DEBUG] [LOGIN] JWT token generated | {"email":"user1@gmail.com"}
[2026-03-04T05:34:42.406Z] [INFO] [AUTH] LOGIN succeeded | {"email":"user1@gmail.com"}
[2026-03-04T06:01:45.877Z] [INFO] [LOGOUT] Logout attempt
[2026-03-04T06:26:20.548Z] [INFO] [REGISTER] Registration attempt | {"email":"user5@gmail.com","name":"user5"}
[2026-03-04T06:26:20.867Z] [DEBUG] [REGISTER] Password hashed | {"email":"user5@gmail.com"}
[2026-03-04T06:26:20.908Z] [INFO] [REGISTER] User created in database | {"email":"user5@gmail.com","userId":"69a7d08c3c204e4b97ba98b4"}
[2026-03-04T06:26:20.913Z] [DEBUG] [REGISTER] JWT token signed | {"email":"user5@gmail.com"}
[2026-03-04T06:26:20.916Z] [INFO] [AUTH] REGISTER succeeded | {"email":"user5@gmail.com"}
[2026-03-04T06:26:40.611Z] [INFO] [LOGIN] Login attempt | {"email":"user5@gmail.com"}
[2026-03-04T06:26:40.615Z] [DEBUG] [LOGIN] Connected to database | {"email":"user5@gmail.com"}
[2026-03-04T06:26:40.896Z] [DEBUG] [LOGIN] JWT token generated | {"email":"user5@gmail.com"}
[2026-03-04T06:26:40.901Z] [INFO] [AUTH] LOGIN succeeded | {"email":"user5@gmail.com"}
[2026-03-04T06:31:09.962Z] [INFO] [LOGOUT] Logout attempt
[2026-03-04T06:35:51.665Z] [INFO] [LOGIN] Login attempt | {"email":"admin1@gmail.com"}
[2026-03-04T06:35:51.670Z] [DEBUG] [LOGIN] Connected to database | {"email":"admin1@gmail.com"}
[2026-03-04T06:35:51.957Z] [DEBUG] [LOGIN] JWT token generated | {"email":"admin1@gmail.com"}
[2026-03-04T06:35:51.961Z] [INFO] [AUTH] LOGIN succeeded | {"email":"admin1@gmail.com"}
[2026-03-04T06:40:31.624Z] [INFO] [LOGIN] Login attempt | {"email":"user1@gmail.com"}
[2026-03-04T06:40:31.630Z] [DEBUG] [LOGIN] Connected to database | {"email":"user1@gmail.com"}
[2026-03-04T06:40:31.921Z] [DEBUG] [LOGIN] JWT token generated | {"email":"user1@gmail.com"}
[2026-03-04T06:40:31.924Z] [INFO] [AUTH] LOGIN succeeded | {"email":"user1@gmail.com"}
[2026-03-04T07:33:23.603Z] [INFO] [LOGIN] Login attempt | {"email":"user2@gmail.com"}
[2026-03-04T07:33:23.611Z] [DEBUG] [LOGIN] Connected to database | {"email":"user2@gmail.com"}
[2026-03-04T07:33:23.633Z] [WARN] [LOGIN] User not found | {"email":"user2@gmail.com"}
[2026-03-04T07:33:28.777Z] [INFO] [LOGIN] Login attempt | {"email":"user2@gmail.com"}
[2026-03-04T07:33:28.782Z] [DEBUG] [LOGIN] Connected to database | {"email":"user2@gmail.com"}
[2026-03-04T07:33:28.798Z] [WARN] [LOGIN] User not found | {"email":"user2@gmail.com"}
[2026-03-04T07:33:31.919Z] [INFO] [LOGIN] Login attempt | {"email":"user3@gmail.com"}
[2026-03-04T07:33:31.924Z] [DEBUG] [LOGIN] Connected to database | {"email":"user3@gmail.com"}
[2026-03-04T07:33:33.631Z] [DEBUG] [LOGIN] JWT token generated | {"email":"user3@gmail.com"}
[2026-03-04T07:33:33.637Z] [INFO] [AUTH] LOGIN succeeded | {"email":"user3@gmail.com"}
[2026-03-04T07:36:20.587Z] [INFO] [LOGOUT] Logout attempt
[2026-03-04T07:38:54.238Z] [INFO] [LOGIN] Login attempt | {"email":"admin1@gmail.com"}
[2026-03-04T07:38:54.242Z] [DEBUG] [LOGIN] Connected to database | {"email":"admin1@gmail.com"}
[2026-03-04T07:38:54.530Z] [DEBUG] [LOGIN] JWT token generated | {"email":"admin1@gmail.com"}
[2026-03-04T07:38:54.534Z] [INFO] [AUTH] LOGIN succeeded | {"email":"admin1@gmail.com"}
[2026-03-04T07:39:18.166Z] [INFO] [LOGIN] Login attempt | {"email":"user3@gmail.com"}
[2026-03-04T07:39:18.171Z] [DEBUG] [LOGIN] Connected to database | {"email":"user3@gmail.com"}
[2026-03-04T07:39:18.451Z] [DEBUG] [LOGIN] JWT token generated | {"email":"user3@gmail.com"}
[2026-03-04T07:39:18.456Z] [INFO] [AUTH] LOGIN succeeded | {"email":"user3@gmail.com"}
[2026-03-04T09:21:37.961Z] [INFO] [LOGIN] Login attempt | {"email":"admin1@gmail.com"}
[2026-03-04T09:21:37.973Z] [DEBUG] [LOGIN] Connected to database | {"email":"admin1@gmail.com"}
[2026-03-04T09:21:38.304Z] [DEBUG] [LOGIN] JWT token generated | {"email":"admin1@gmail.com"}
[2026-03-04T09:21:38.311Z] [INFO] [AUTH] LOGIN succeeded | {"email":"admin1@gmail.com"}
[2026-03-04T09:59:56.462Z] [INFO] [LOGIN] Login attempt | {"email":"admin1@gmail.com"}
[2026-03-04T09:59:56.470Z] [DEBUG] [LOGIN] Connected to database | {"email":"admin1@gmail.com"}
[2026-03-04T09:59:56.624Z] [DEBUG] [LOGIN] JWT token generated | {"email":"admin1@gmail.com"}
[2026-03-04T09:59:56.628Z] [INFO] [AUTH] LOGIN succeeded | {"email":"admin1@gmail.com"}
[2026-03-04T10:10:19.148Z] [INFO] [LOGIN] Login attempt | {"email":"user1@gmail.com"}
[2026-03-04T10:10:19.156Z] [DEBUG] [LOGIN] Connected to database | {"email":"user1@gmail.com"}
[2026-03-04T10:10:19.319Z] [DEBUG] [LOGIN] JWT token generated | {"email":"user1@gmail.com"}
[2026-03-04T10:10:19.324Z] [INFO] [AUTH] LOGIN succeeded | {"email":"user1@gmail.com"}
[2026-03-04T10:10:40.797Z] [INFO] [LOGIN] Login attempt | {"email":"user4@gmail.com"}
[2026-03-04T10:10:40.800Z] [DEBUG] [LOGIN] Connected to database | {"email":"user4@gmail.com"}
[2026-03-04T10:10:40.995Z] [DEBUG] [LOGIN] JWT token generated | {"email":"user4@gmail.com"}
[2026-03-04T10:10:40.997Z] [INFO] [AUTH] LOGIN succeeded | {"email":"user4@gmail.com"}
[2026-03-04T11:39:36.355Z] [INFO] [LOGIN] Login attempt | {"email":"user5@gmail.com"}
[2026-03-04T11:39:36.363Z] [DEBUG] [LOGIN] Connected to database | {"email":"user5@gmail.com"}
[2026-03-04T11:39:36.536Z] [DEBUG] [LOGIN] JWT token generated | {"email":"user5@gmail.com"}
[2026-03-04T11:39:36.540Z] [INFO] [AUTH] LOGIN succeeded | {"email":"user5@gmail.com"}
[2026-03-04T11:41:04.573Z] [INFO] [LOGOUT] Logout attempt
[2026-03-04T11:41:11.791Z] [INFO] [LOGIN] Login attempt | {"email":"admin1@gmail.com"}
[2026-03-04T11:41:11.794Z] [DEBUG] [LOGIN] Connected to database | {"email":"admin1@gmail.com"}
[2026-03-04T11:41:11.992Z] [DEBUG] [LOGIN] JWT token generated | {"email":"admin1@gmail.com"}
[2026-03-04T11:41:11.995Z] [INFO] [AUTH] LOGIN succeeded | {"email":"admin1@gmail.com"}
[2026-03-04T11:54:27.514Z] [INFO] [LOGOUT] Logout attempt
[2026-03-04T11:54:36.834Z] [INFO] [LOGIN] Login attempt | {"email":"user3@gmail.com"}
[2026-03-04T11:54:36.837Z] [DEBUG] [LOGIN] Connected to database | {"email":"user3@gmail.com"}
[2026-03-04T11:54:37.046Z] [DEBUG] [LOGIN] JWT token generated | {"email":"user3@gmail.com"}
[2026-03-04T11:54:37.049Z] [INFO] [AUTH] LOGIN succeeded | {"email":"user3@gmail.com"}
[2026-03-05T06:04:35.050Z] [INFO] [LOGOUT] Logout attempt
[2026-03-05T06:04:57.190Z] [INFO] [LOGIN] Login attempt | {"email":"admin1@gmail.com"}
[2026-03-05T06:04:57.196Z] [DEBUG] [LOGIN] Connected to database | {"email":"admin1@gmail.com"}
[2026-03-05T06:04:57.404Z] [WARN] [LOGIN] Password mismatch | {"email":"admin1@gmail.com"}
[2026-03-05T06:05:02.228Z] [INFO] [LOGIN] Login attempt | {"email":"admin1@gmail.com"}
[2026-03-05T06:05:02.232Z] [DEBUG] [LOGIN] Connected to database | {"email":"admin1@gmail.com"}
[2026-03-05T06:05:02.360Z] [DEBUG] [LOGIN] JWT token generated | {"email":"admin1@gmail.com"}
[2026-03-05T06:05:02.363Z] [INFO] [AUTH] LOGIN succeeded | {"email":"admin1@gmail.com"}
[2026-03-11T05:48:52.292Z] [INFO] [LOGIN] Login attempt | {"email":"admin1@gmail.com"}
[2026-03-11T05:48:52.708Z] [DEBUG] [LOGIN] Connected to database | {"email":"admin1@gmail.com"}
[2026-03-11T05:48:53.004Z] [DEBUG] [LOGIN] JWT token generated | {"email":"admin1@gmail.com"}
[2026-03-11T05:48:53.008Z] [INFO] [AUTH] LOGIN succeeded | {"email":"admin1@gmail.com"}
[2026-03-11T07:04:19.199Z] [INFO] [LOGIN] Login attempt | {"email":"user5@gmail.com"}
[2026-03-11T07:04:19.208Z] [DEBUG] [LOGIN] Connected to database | {"email":"user5@gmail.com"}
[2026-03-11T07:04:19.419Z] [DEBUG] [LOGIN] JWT token generated | {"email":"user5@gmail.com"}
[2026-03-11T07:04:19.425Z] [INFO] [AUTH] LOGIN succeeded | {"email":"user5@gmail.com"}
[2026-03-11T07:23:24.905Z] [INFO] [LOGIN] Login attempt | {"email":"admin1@gmail.com"}
[2026-03-11T07:23:24.909Z] [DEBUG] [LOGIN] Connected to database | {"email":"admin1@gmail.com"}
[2026-03-11T07:23:25.141Z] [DEBUG] [LOGIN] JWT token generated | {"email":"admin1@gmail.com"}
[2026-03-11T07:23:25.144Z] [INFO] [AUTH] LOGIN succeeded | {"email":"admin1@gmail.com"}
[2026-03-13T11:49:28.810Z] [INFO] | / [MIDDLEWARE] GET | {"url":"http://localhost:3000/"}
[2026-03-13T11:49:31.695Z] [INFO] | /support-ticket.png [MIDDLEWARE] GET | {"url":"http://localhost:3000/support-ticket.png"}
[2026-03-13T11:49:31.702Z] [INFO] | /logoipsum-418.png [MIDDLEWARE] GET | {"url":"http://localhost:3000/logoipsum-418.png"}
[2026-03-13T11:49:33.871Z] [INFO] | /ticket [MIDDLEWARE] GET | {"url":"http://localhost:3000/ticket"}
[2026-03-13T11:49:36.670Z] [INFO] | /login [MIDDLEWARE] GET | {"url":"http://localhost:3000/login"}
[2026-03-13T11:49:37.546Z] [INFO] | /login [MIDDLEWARE] GET | {"url":"http://localhost:3000/login"}
[2026-03-13T11:49:53.760Z] [INFO] [LOGIN] Login attempt | {"email":"user5@gmail.com"}
[2026-03-13T11:49:54.094Z] [DEBUG] [LOGIN] Connected to database | {"email":"user5@gmail.com"}
[2026-03-13T11:49:54.419Z] [DEBUG] [LOGIN] JWT token generated | {"email":"user5@gmail.com"}
[2026-03-13T11:49:54.422Z] [INFO] [AUTH] LOGIN succeeded | {"email":"user5@gmail.com"}
[2026-03-13T11:49:55.176Z] [INFO] | /dashboard [MIDDLEWARE] GET | {"url":"http://localhost:3000/dashboard"}
[2026-03-13T11:49:56.343Z] [INFO] | / [MIDDLEWARE] GET | {"url":"http://localhost:3000/"}
[2026-03-13T11:50:00.183Z] [INFO] | /ticket [MIDDLEWARE] GET | {"url":"http://localhost:3000/ticket"}
[2026-03-13T11:50:05.214Z] [INFO] | /ticket [MIDDLEWARE] GET | {"url":"http://localhost:3000/ticket"}
[2026-03-13T11:50:07.809Z] [INFO] | /ticket [MIDDLEWARE] GET | {"url":"http://localhost:3000/ticket"}
[2026-03-13T11:51:35.492Z] [INFO] | /ticket [MIDDLEWARE] GET | {"url":"http://localhost:3000/ticket"}
[2026-03-13T11:51:54.589Z] [INFO] | /ticket [MIDDLEWARE] GET | {"url":"http://localhost:3000/ticket"}
[2026-03-13T11:51:55.134Z] [INFO] | /login [MIDDLEWARE] GET | {"url":"http://localhost:3000/login"}
[2026-03-13T11:52:11.874Z] [INFO] [LOGIN] Login attempt | {"email":"user5@gmail.com"}
[2026-03-13T11:52:11.876Z] [DEBUG] [LOGIN] Connected to database | {"email":"user5@gmail.com"}
[2026-03-13T11:52:12.052Z] [DEBUG] [LOGIN] JWT token generated | {"email":"user5@gmail.com"}
[2026-03-13T11:52:12.056Z] [INFO] [AUTH] LOGIN succeeded | {"email":"user5@gmail.com"}
[2026-03-13T11:52:12.784Z] [INFO] | /dashboard [MIDDLEWARE] GET | {"url":"http://localhost:3000/dashboard"}
[2026-03-13T11:52:13.207Z] [INFO] | / [MIDDLEWARE] GET | {"url":"http://localhost:3000/"}
[2026-03-13T11:52:14.515Z] [INFO] | /ticket [MIDDLEWARE] GET | {"url":"http://localhost:3000/ticket"}
[2026-03-13T11:52:15.229Z] [INFO] | /ticket [MIDDLEWARE] GET | {"url":"http://localhost:3000/ticket"}
[2026-03-13T11:52:17.965Z] [INFO] | /ticket [MIDDLEWARE] GET | {"url":"http://localhost:3000/ticket"}
[2026-03-16T07:33:28.038Z] [INFO] | / [MIDDLEWARE] GET | {"url":"http://localhost:3000/"}
[2026-03-16T07:33:31.035Z] [INFO] | /logoipsum-418.png [MIDDLEWARE] GET | {"url":"http://localhost:3000/logoipsum-418.png"}
[2026-03-16T07:33:31.083Z] [INFO] | /support-ticket.png [MIDDLEWARE] GET | {"url":"http://localhost:3000/support-ticket.png"}
[2026-03-16T07:33:34.502Z] [INFO] | /dashboard [MIDDLEWARE] GET | {"url":"http://localhost:3000/dashboard"}
[2026-03-16T07:33:35.079Z] [INFO] | / [MIDDLEWARE] GET | {"url":"http://localhost:3000/"}
[2026-03-16T07:33:37.129Z] [INFO] | /dashboard [MIDDLEWARE] GET | {"url":"http://localhost:3000/dashboard"}
[2026-03-16T07:33:37.327Z] [INFO] | / [MIDDLEWARE] GET | {"url":"http://localhost:3000/"}
[2026-03-16T07:33:39.085Z] [INFO] | /dashboard [MIDDLEWARE] GET | {"url":"http://localhost:3000/dashboard"}
[2026-03-16T07:33:39.301Z] [INFO] | / [MIDDLEWARE] GET | {"url":"http://localhost:3000/"}
[2026-03-16T07:33:41.987Z] [INFO] | /ticket [MIDDLEWARE] GET | {"url":"http://localhost:3000/ticket"}
[2026-03-16T07:35:32.380Z] [INFO] | /ticket [MIDDLEWARE] GET | {"url":"http://localhost:3000/ticket"}
[2026-03-16T07:35:33.486Z] [INFO] | /blog [MIDDLEWARE] GET | {"url":"http://localhost:3000/blog"}
[2026-03-16T07:35:43.873Z] [INFO] | /about [MIDDLEWARE] GET | {"url":"http://localhost:3000/about"}
[2026-03-16T07:35:44.363Z] [INFO] | /ticket-system.png [MIDDLEWARE] GET | {"url":"http://localhost:3000/ticket-system.png"}
[2026-03-16T07:35:48.545Z] [INFO] | /contact [MIDDLEWARE] GET | {"url":"http://localhost:3000/contact"}
[2026-03-16T07:36:40.782Z] [INFO] | / [MIDDLEWARE] GET | {"url":"http://localhost:3000/"}
[2026-03-16T07:37:32.624Z] [INFO] | / [MIDDLEWARE] GET | {"url":"http://localhost:3000/"}
[2026-03-16T07:37:33.231Z] [INFO] | / [MIDDLEWARE] GET | {"url":"http://localhost:3000/"}
[2026-03-16T07:37:33.290Z] [INFO] | / [MIDDLEWARE] GET | {"url":"http://localhost:3000/"}
[2026-03-16T07:37:33.655Z] [INFO] | / [MIDDLEWARE] GET | {"url":"http://localhost:3000/"}
[2026-03-16T07:37:33.973Z] [INFO] | / [MIDDLEWARE] GET | {"url":"http://localhost:3000/"}
[2026-03-16T07:37:34.387Z] [INFO] | / [MIDDLEWARE] GET | {"url":"http://localhost:3000/"}
[2026-03-16T07:37:34.663Z] [INFO] | / [MIDDLEWARE] GET | {"url":"http://localhost:3000/"}
[2026-03-16T07:43:56.628Z] [INFO] | / [MIDDLEWARE] GET | {"url":"http://localhost:3000/"}
[2026-03-16T07:49:21.137Z] [INFO] | / [MIDDLEWARE] GET | {"url":"http://localhost:3000/"}
[2026-03-16T07:49:21.559Z] [INFO] | / [MIDDLEWARE] GET | {"url":"http://localhost:3000/"}
[2026-03-16T07:49:21.582Z] [INFO] | / [MIDDLEWARE] GET | {"url":"http://localhost:3000/"}
[2026-03-16T07:49:38.812Z] [INFO] | / [MIDDLEWARE] GET | {"url":"http://localhost:3000/"}
[2026-03-16T09:09:11.984Z] [INFO] | /ticket [MIDDLEWARE] GET | {"url":"http://localhost:3000/ticket"}
[2026-03-16T09:09:25.623Z] [INFO] | /blog [MIDDLEWARE] GET | {"url":"http://localhost:3000/blog"}
[2026-03-16T09:09:29.584Z] [INFO] | /contact [MIDDLEWARE] GET | {"url":"http://localhost:3000/contact"}
[2026-03-16T09:09:31.402Z] [INFO] | /about [MIDDLEWARE] GET | {"url":"http://localhost:3000/about"}
[2026-03-16T09:09:31.722Z] [INFO] | /ticket-system.png [MIDDLEWARE] GET | {"url":"http://localhost:3000/ticket-system.png"}
[2026-03-16T09:09:33.180Z] [INFO] | / [MIDDLEWARE] GET | {"url":"http://localhost:3000/"}
[2026-03-16T09:09:36.717Z] [INFO] [LOGOUT] Logout attempt
[2026-03-16T09:09:36.756Z] [INFO] | /login [MIDDLEWARE] GET | {"url":"http://localhost:3000/login"}
[2026-03-16T09:09:56.697Z] [INFO] [LOGIN] Login attempt | {"email":"admin1@gmail.com"}
[2026-03-16T09:09:56.704Z] [DEBUG] [LOGIN] Connected to database | {"email":"admin1@gmail.com"}
[2026-03-16T09:09:57.172Z] [DEBUG] [LOGIN] JWT token generated | {"email":"admin1@gmail.com"}
[2026-03-16T09:09:57.176Z] [INFO] [AUTH] LOGIN succeeded | {"email":"admin1@gmail.com"}
[2026-03-16T09:09:57.915Z] [INFO] | /dashboard [MIDDLEWARE] GET | {"url":"http://localhost:3000/dashboard"}
[2026-03-16T09:10:02.569Z] [INFO] | /dashboard [MIDDLEWARE] GET | {"url":"http://localhost:3000/dashboard"}
[2026-03-16T09:10:02.703Z] [INFO] | /dashboard [MIDDLEWARE] GET | {"url":"http://localhost:3000/dashboard"}
[2026-03-16T09:10:05.622Z] [INFO] | /dashboard/users [MIDDLEWARE] GET | {"url":"http://localhost:3000/dashboard/users"}
[2026-03-16T09:10:09.276Z] [INFO] | /dashboard/reports [MIDDLEWARE] GET | {"url":"http://localhost:3000/dashboard/reports"}
[2026-03-16T09:10:11.188Z] [INFO] | /dashboard/users [MIDDLEWARE] GET | {"url":"http://localhost:3000/dashboard/users"}
[2026-03-16T09:10:13.449Z] [INFO] | /dashboard/settings [MIDDLEWARE] GET | {"url":"http://localhost:3000/dashboard/settings"}
[2026-03-16T09:10:15.983Z] [INFO] | /dashboard/users [MIDDLEWARE] GET | {"url":"http://localhost:3000/dashboard/users"}
